        -:    0:Source:source/decoder.c
        -:    1:#define _GNU_SOURCE
        -:    2:
        -:    3:#include <stdio.h>
        -:    4:#include <stdlib.h>
        -:    5:#include <string.h>
        -:    6:#include <stdint.h>
        -:    7:#include <sys/stat.h>
        -:    8:#include <unistd.h>
        -:    9:#include <getopt.h>
        -:   10:#include <stdbool.h>
        -:   11:#include <openssl/evp.h>
        -:   12:#include <openssl/sha.h>
        -:   13:
        -:   14:#ifdef _WIN32
        -:   15:#include <conio.h>
        -:   16:#endif
        -:   17:
        -:   18:#define SALT_SIZE 16
        -:   19:#define KEY_SIZE 32 // AES-256
        -:   20:#define IV_SIZE 16  // AES block size
        -:   21:#define MAP_VERSION 2
        -:   22:
        -:   23:// --- Funcoes Auxiliares ---
        -:   24:
        -:   25:#ifdef _WIN32
        -:   26:char *getpass(const char *prompt) {
        -:   27:    static char password[128];
        -:   28:    int i = 0;
        -:   29:    int ch;
        -:   30:
        -:   31:    fprintf(stderr, "%s", prompt);
        -:   32:
        -:   33:    while ((ch = _getch()) != '\r') {
        -:   34:        if (ch == '\b') {
        -:   35:            if (i > 0) i--;
        -:   36:        } else if (i < (int)sizeof(password) - 1) {
        -:   37:            password[i++] = (char)ch;
        -:   38:        }
        -:   39:    }
        -:   40:    password[i] = '\0';
        -:   41:    fprintf(stderr, "\n");
        -:   42:    return password;
        -:   43:}
        -:   44:#endif
        -:   45:
    #####:   46:unsigned char* decrypt_map_to_memory(const char* filepath, long* out_map_size) {
    #####:   47:    char *password = getpass("Digite a senha para descriptografar o mapa: ");
    #####:   48:    if (!password || strlen(password) == 0) {
    #####:   49:        fprintf(stderr, "\nSenha vazia. Descriptografia cancelada.\n");
    #####:   50:        return NULL;
        -:   51:    }
        -:   52:
    #####:   53:    FILE* in_file = fopen(filepath, "rb");
    #####:   54:    if (!in_file) { perror("Nao foi possivel abrir o arquivo de mapa"); return NULL; }
        -:   55:
        -:   56:    char magic[8];
    #####:   57:    if (fread(magic, 1, 8, in_file) != 8 || strncmp(magic, "LIDECENC", 8) != 0) {
    #####:   58:        fprintf(stderr, "Erro: Arquivo de mapa invalido ou nao esta criptografado.\n");
    #####:   59:        fclose(in_file);
    #####:   60:        return NULL;
        -:   61:    }
        -:   62:
        -:   63:    unsigned char salt[SALT_SIZE];
    #####:   64:    if (fread(salt, 1, sizeof(salt), in_file) != sizeof(salt)) {
    #####:   65:        fprintf(stderr, "Erro ao ler o sal do mapa.\n");
    #####:   66:        fclose(in_file);
    #####:   67:        return NULL;
        -:   68:    }
        -:   69:
    #####:   70:    fseek(in_file, 0, SEEK_END);
    #####:   71:    long file_size = ftell(in_file);
    #####:   72:    long ciphertext_len = file_size - (sizeof(salt) + 8);
    #####:   73:    if (ciphertext_len <= 0) {
    #####:   74:        fprintf(stderr, "Erro: Mapa corrompido.\n");
    #####:   75:        fclose(in_file);
    #####:   76:        return NULL;
        -:   77:    }
    #####:   78:    fseek(in_file, sizeof(salt) + 8, SEEK_SET);
        -:   79:
    #####:   80:    unsigned char* ciphertext = malloc(ciphertext_len);
    #####:   81:    if (!ciphertext) {
    #####:   82:        perror("Erro de alocacao");
    #####:   83:        fclose(in_file);
    #####:   84:        return NULL;
        -:   85:    }
        -:   86:
    #####:   87:    if (fread(ciphertext, 1, ciphertext_len, in_file) != (size_t)ciphertext_len) {
    #####:   88:        fprintf(stderr, "Erro ao ler mapa.\n");
    #####:   89:        fclose(in_file);
    #####:   90:        free(ciphertext);
    #####:   91:        return NULL;
        -:   92:    }
    #####:   93:    fclose(in_file);
        -:   94:
        -:   95:    unsigned char key[KEY_SIZE], iv[IV_SIZE], derived_bytes[KEY_SIZE + IV_SIZE];
    #####:   96:    if (PKCS5_PBKDF2_HMAC(password, strlen(password), salt, sizeof(salt),
        -:   97:                          4096, EVP_sha256(),
        -:   98:                          sizeof(derived_bytes), derived_bytes) == 0) {
    #####:   99:        free(ciphertext);
    #####:  100:        return NULL;
        -:  101:    }
        -:  102:
    #####:  103:    memcpy(key, derived_bytes, sizeof(key));
    #####:  104:    memcpy(iv, derived_bytes + sizeof(key), sizeof(iv));
        -:  105:
    #####:  106:    EVP_CIPHER_CTX *ctx = EVP_CIPHER_CTX_new();
    #####:  107:    EVP_DecryptInit_ex(ctx, EVP_aes_256_cbc(), NULL, key, iv);
        -:  108:
    #####:  109:    unsigned char* plaintext = malloc(ciphertext_len + IV_SIZE);
    #####:  110:    if (!plaintext) {
    #####:  111:        free(ciphertext);
    #####:  112:        EVP_CIPHER_CTX_free(ctx);
    #####:  113:        return NULL;
        -:  114:    }
        -:  115:
    #####:  116:    int len, plaintext_len = 0;
        -:  117:
    #####:  118:    if (EVP_DecryptUpdate(ctx, plaintext, &len, ciphertext, ciphertext_len) != 1) {
    #####:  119:        fprintf(stderr, "Erro: Falha ao descriptografar. Senha incorreta ou mapa corrompido.\n");
    #####:  120:        free(ciphertext); free(plaintext); EVP_CIPHER_CTX_free(ctx);
    #####:  121:        return NULL;
        -:  122:    }
    #####:  123:    plaintext_len = len;
        -:  124:
    #####:  125:    if (EVP_DecryptFinal_ex(ctx, plaintext + len, &len) != 1) {
    #####:  126:        fprintf(stderr, "Erro: Falha ao finalizar descriptografia. Senha incorreta ou mapa corrompido.\n");
    #####:  127:        free(ciphertext); free(plaintext); EVP_CIPHER_CTX_free(ctx);
    #####:  128:        return NULL;
        -:  129:    }
    #####:  130:    plaintext_len += len;
        -:  131:
    #####:  132:    EVP_CIPHER_CTX_free(ctx);
    #####:  133:    free(ciphertext);
        -:  134:
    #####:  135:    *out_map_size = plaintext_len;
    #####:  136:    return plaintext;
        -:  137:}
        -:  138:
    #####:  139:int calculate_sha256_raw(const char *filepath, unsigned char *output_hash) {
    #####:  140:    FILE *file = fopen(filepath, "rb");
    #####:  141:    if (!file) return -1;
        -:  142:
    #####:  143:    EVP_MD_CTX *ctx = EVP_MD_CTX_new();
    #####:  144:    if (!ctx) { fclose(file); return -1; }
        -:  145:
    #####:  146:    if (EVP_DigestInit_ex(ctx, EVP_sha256(), NULL) != 1) {
    #####:  147:        EVP_MD_CTX_free(ctx);
    #####:  148:        fclose(file);
    #####:  149:        return -1;
        -:  150:    }
        -:  151:
        -:  152:    unsigned char buffer[4096];
        -:  153:    size_t bytesRead;
        -:  154:
    #####:  155:    while ((bytesRead = fread(buffer, 1, sizeof(buffer), file))) {
    #####:  156:        EVP_DigestUpdate(ctx, buffer, bytesRead);
        -:  157:    }
        -:  158:
        -:  159:    unsigned int len;
    #####:  160:    EVP_DigestFinal_ex(ctx, output_hash, &len);
        -:  161:
    #####:  162:    EVP_MD_CTX_free(ctx);
    #####:  163:    fclose(file);
    #####:  164:    return 0;
        -:  165:}
        -:  166:
        -:  167:// --- Funcao Principal ---
        -:  168:
    #####:  169:int main(int argc, char* argv[]) {
    #####:  170:    const char* map_filename = NULL;
    #####:  171:    const char* output_filename = "recovered_file.bin";
        -:  172:    int opt;
        -:  173:
    #####:  174:    while ((opt = getopt(argc, argv, "m:o:")) != -1) {
    #####:  175:        switch (opt) {
    #####:  176:            case 'm': map_filename = optarg; break;
    #####:  177:            case 'o': output_filename = optarg; break;
    #####:  178:            default:
    #####:  179:                fprintf(stderr, "Uso: %s -m <map_file> [-o <output_file>] <carrier1> ...\n", argv[0]);
    #####:  180:                return EXIT_FAILURE;
        -:  181:        }
        -:  182:    }
        -:  183:
    #####:  184:    if (map_filename == NULL || optind >= argc) {
    #####:  185:        fprintf(stderr, "Uso: %s -m <map_file> [-o <output_file>] <carrier1> ...\n", argv[0]);
    #####:  186:        return EXIT_FAILURE;
        -:  187:    }
        -:  188:
        -:  189:    long map_size;
    #####:  190:    unsigned char* map_data = decrypt_map_to_memory(map_filename, &map_size);
    #####:  191:    if (!map_data) return EXIT_FAILURE;
        -:  192:
    #####:  193:    unsigned char* map_ptr = map_data;
    #####:  194:    unsigned char* map_end = map_data + map_size;
        -:  195:
    #####:  196:    if ((map_ptr + 8) > map_end || strncmp((char*)map_ptr, "LIDECMAP", 8) != 0) {
    #####:  197:        fprintf(stderr, "Erro: Arquivo de mapa invalido.\n");
    #####:  198:        free(map_data); return EXIT_FAILURE;
        -:  199:    }
    #####:  200:    map_ptr += 8;
        -:  201:
    #####:  202:    if ((map_ptr + sizeof(uint16_t)) > map_end) {
    #####:  203:        fprintf(stderr, "Erro: Mapa corrompido.\n");
    #####:  204:        free(map_data); return EXIT_FAILURE;
        -:  205:    }
        -:  206:
        -:  207:    uint16_t version;
    #####:  208:    memcpy(&version, map_ptr, sizeof(uint16_t)); map_ptr += sizeof(uint16_t);
        -:  209:
    #####:  210:    if (version != MAP_VERSION) {
    #####:  211:        fprintf(stderr, "Erro: Versao do mapa incompativel (mapa v%u, programa v%d).\n", version, MAP_VERSION);
    #####:  212:        free(map_data); return EXIT_FAILURE;
        -:  213:    }
        -:  214:
    #####:  215:    if ((map_ptr + sizeof(uint16_t)) > map_end) {
    #####:  216:        fprintf(stderr, "Erro: Mapa corrompido.\n");
    #####:  217:        free(map_data); return EXIT_FAILURE;
        -:  218:    }
        -:  219:
        -:  220:    uint16_t num_carriers_from_map;
    #####:  221:    memcpy(&num_carriers_from_map, map_ptr, sizeof(uint16_t)); map_ptr += sizeof(uint16_t);
        -:  222:
    #####:  223:    if ((argc - optind) != num_carriers_from_map) {
    #####:  224:        fprintf(stderr, "Erro: Arquivo de mapa ou arquivos transportadores invalidos.\n");
    #####:  225:        free(map_data); return EXIT_FAILURE;
        -:  226:    }
        -:  227:
    #####:  228:    printf("--- Verificando arquivos transportadores... ---\n");
        -:  229:
        -:  230:    unsigned char actual_hash[SHA256_DIGEST_LENGTH], zero_hash[SHA256_DIGEST_LENGTH];
    #####:  231:    memset(zero_hash, 0, SHA256_DIGEST_LENGTH);
        -:  232:
    #####:  233:    for (int i = 0; i < num_carriers_from_map; i++) {
    #####:  234:        if ((map_ptr + SHA256_DIGEST_LENGTH) > map_end) {
    #####:  235:            fprintf(stderr, "Erro: Mapa corrompido.\n");
    #####:  236:            free(map_data); return EXIT_FAILURE;
        -:  237:        }
        -:  238:
    #####:  239:        unsigned char* expected_hash = map_ptr;
    #####:  240:        map_ptr += SHA256_DIGEST_LENGTH;
        -:  241:
    #####:  242:        const char* carrier_filename = argv[optind + i];
        -:  243:
    #####:  244:        if (calculate_sha256_raw(carrier_filename, actual_hash) != 0) {
    #####:  245:            if (memcmp(expected_hash, zero_hash, SHA256_DIGEST_LENGTH) != 0) {
    #####:  246:                fprintf(stderr, "Erro: Arquivo de mapa ou arquivos transportadores invalidos.\n");
    #####:  247:                free(map_data); return EXIT_FAILURE;
        -:  248:            }
    #####:  249:            printf("  - OK (Ignorado): %s\n", carrier_filename);
        -:  250:        } else {
    #####:  251:            if (memcmp(expected_hash, actual_hash, SHA256_DIGEST_LENGTH) != 0) {
    #####:  252:                fprintf(stderr, "Erro: Arquivo de mapa ou arquivos transportadores invalidos.\n");
    #####:  253:                free(map_data); return EXIT_FAILURE;
        -:  254:            }
    #####:  255:            printf("  - OK: %s\n", carrier_filename);
        -:  256:        }
        -:  257:    }
        -:  258:
    #####:  259:    FILE* output_file = fopen(output_filename, "wb");
    #####:  260:    if (!output_file) {
    #####:  261:        perror("Erro ao criar arquivo de saida");
    #####:  262:        free(map_data); return EXIT_FAILURE;
        -:  263:    }
        -:  264:
    #####:  265:    FILE** carrier_files = malloc(num_carriers_from_map * sizeof(FILE*));
    #####:  266:    if (!carrier_files) {
    #####:  267:        perror("Erro de alocacao");
    #####:  268:        free(map_data);
    #####:  269:        fclose(output_file);
    #####:  270:        return EXIT_FAILURE;
        -:  271:    }
        -:  272:
    #####:  273:    bool error_occurred = false;
        -:  274:
    #####:  275:    for (int i = 0; i < num_carriers_from_map; i++) {
        -:  276:        struct stat statbuf;
    #####:  277:        if (stat(argv[optind + i], &statbuf) == 0 && S_ISREG(statbuf.st_mode)) {
    #####:  278:            carrier_files[i] = fopen(argv[optind + i], "rb");
        -:  279:        } else {
    #####:  280:            carrier_files[i] = NULL;
        -:  281:        }
        -:  282:    }
        -:  283:
    #####:  284:    printf("--- Iniciando reconstrucao... ---\n");
        -:  285:
    #####:  286:    while (map_ptr < map_end) {
    #####:  287:        uint8_t control_byte = *map_ptr++;
        -:  288:
    #####:  289:        if (control_byte & 0x80) {
    #####:  290:            if ((map_ptr + sizeof(uint16_t) + sizeof(uint32_t) + sizeof(uint16_t)) > map_end) break;
        -:  291:
        -:  292:            uint16_t carrier_idx, length;
        -:  293:            uint32_t offset;
        -:  294:
    #####:  295:            memcpy(&carrier_idx, map_ptr, sizeof(uint16_t)); map_ptr += sizeof(uint16_t);
    #####:  296:            memcpy(&offset, map_ptr, sizeof(uint32_t)); map_ptr += sizeof(uint32_t);
    #####:  297:            memcpy(&length, map_ptr, sizeof(uint16_t)); map_ptr += sizeof(uint16_t);
        -:  298:
    #####:  299:            if (carrier_idx >= num_carriers_from_map || carrier_files[carrier_idx] == NULL) {
    #####:  300:                fprintf(stderr, "Erro: carrier invalido no mapa.\n");
    #####:  301:                error_occurred = true;
    #####:  302:                break;
        -:  303:            }
        -:  304:
    #####:  305:            if (length == 0) {
    #####:  306:                fprintf(stderr, "Erro: length invalido.\n");
    #####:  307:                error_occurred = true;
    #####:  308:                break;
        -:  309:            }
        -:  310:
    #####:  311:            FILE* carrier_file = carrier_files[carrier_idx];
        -:  312:
    #####:  313:            unsigned char* buffer = malloc(length);
    #####:  314:            if (!buffer) break;
        -:  315:
    #####:  316:            if (fseek(carrier_file, offset, SEEK_SET) != 0){
    #####:  317:                fprintf(stderr, "Error: offset invalid\n");
    #####:  318:                free(buffer);
    #####:  319:                error_occurred = true;
    #####:  320:                break;
        -:  321:            }
        -:  322:
    #####:  323:            if (fread(buffer, 1, length, carrier_file) != length) {
    #####:  324:                free(buffer);
    #####:  325:                error_occurred = true;
    #####:  326:                break;
        -:  327:            }
        -:  328:
    #####:  329:            fwrite(buffer, 1, length, output_file);
    #####:  330:            free(buffer);
        -:  331:
        -:  332:        } else {
    #####:  333:            uint8_t literal_len = control_byte;
        -:  334:
    #####:  335:            if (literal_len == 0) {
    #####:  336:                fprintf(stderr, "Erro: literal_len invalido.\n");
    #####:  337:                error_occurred = true;
    #####:  338:                break;
        -:  339:            }
        -:  340:            
    #####:  341:            if ((map_ptr + literal_len) > map_end) {
    #####:  342:                error_occurred = true;
    #####:  343:                break;
        -:  344:            }
    #####:  345:            fwrite(map_ptr, 1, literal_len, output_file);
    #####:  346:            map_ptr += literal_len;
        -:  347:        }
        -:  348:    }
        -:  349:
    #####:  350:    if (error_occurred) {
    #####:  351:        fprintf(stderr, "--- Reconstrucao falhou ---\n");
        -:  352:    } else {
    #####:  353:        printf("--- Arquivo reconstruido com sucesso como '%s' ---\n", output_filename);
        -:  354:    }
        -:  355:
    #####:  356:    free(map_data);
    #####:  357:    fclose(output_file);
        -:  358:
    #####:  359:    for (int i = 0; i < num_carriers_from_map; i++) {
    #####:  360:        if (carrier_files[i]) fclose(carrier_files[i]);
        -:  361:    }
        -:  362:
    #####:  363:    free(carrier_files);
        -:  364:
    #####:  365:    return EXIT_SUCCESS;
        -:  366:}
