        -:    0:Source:source/suffix_tree.c
        -:    1:/*
        -:    2: * suffix_tree.c - Implementação funcional e testada de uma Árvore de Sufixos.
        -:    3: */
        -:    4:#include <stdio.h>
        -:    5:#include <stdlib.h>
        -:    6:#include <string.h>
        -:    7:#include "suffix_tree.h"
        -:    8:
        -:    9:// Estruturas internas
        -:   10:typedef struct Node {
        -:   11:    struct Edge* edges[256];
        -:   12:    struct Node* suffix_link;
        -:   13:} Node;
        -:   14:
        -:   15:typedef struct Edge {
        -:   16:    int start;
        -:   17:    int* end;
        -:   18:    Node* child;
        -:   19:} Edge;
        -:   20:
        -:   21:struct SuffixTree {
        -:   22:    const char* text;
        -:   23:    size_t text_len;
        -:   24:    Node* root;
        -:   25:    int* global_end;
        -:   26:    
        -:   27:    Node* active_node;
        -:   28:    int active_edge_idx;
        -:   29:    int active_length;
        -:   30:    int remaining;
        -:   31:};
        -:   32:
        -:   33:// Funções de criação
    #####:   34:Node* create_node() {
    #####:   35:    Node* node = (Node*)malloc(sizeof(Node));
    #####:   36:    memset(node->edges, 0, sizeof(node->edges));
    #####:   37:    node->suffix_link = NULL;
    #####:   38:    return node;
        -:   39:}
        -:   40:
    #####:   41:Edge* create_edge(int start, int* end, Node* child) {
    #####:   42:    Edge* edge = (Edge*)malloc(sizeof(Edge));
    #####:   43:    edge->start = start;
    #####:   44:    edge->end = end;
    #####:   45:    edge->child = child;
    #####:   46:    return edge;
        -:   47:}
        -:   48:
    #####:   49:int edge_length(Edge* e, int pos) {
    #####:   50:    return *(e->end) == -1 ? (pos + 1 - e->start) : (*(e->end) - e->start + 1);
        -:   51:}
        -:   52:
        -:   53:// Lógica de extensão de Ukkonen
    #####:   54:void extend(SuffixTree* tree, int pos) {
    #####:   55:    tree->remaining++;
    #####:   56:    Node* last_new_node = NULL;
        -:   57:
    #####:   58:    while (tree->remaining > 0) {
    #####:   59:        if (tree->active_length == 0) tree->active_edge_idx = pos;
        -:   60:
    #####:   61:        Edge* active_edge = tree->active_node->edges[(unsigned char)tree->text[tree->active_edge_idx]];
        -:   62:
    #####:   63:        if (active_edge == NULL) {
    #####:   64:            tree->active_node->edges[(unsigned char)tree->text[tree->active_edge_idx]] = create_edge(pos, tree->global_end, create_node());
    #####:   65:            if (last_new_node != NULL) {
    #####:   66:                last_new_node->suffix_link = tree->active_node;
    #####:   67:                last_new_node = NULL;
        -:   68:            }
        -:   69:        } else {
    #####:   70:            int len = edge_length(active_edge, pos);
    #####:   71:            if (tree->active_length >= len) {
    #####:   72:                tree->active_node = active_edge->child;
    #####:   73:                tree->active_edge_idx += len;
    #####:   74:                tree->active_length -= len;
    #####:   75:                continue;
        -:   76:            }
    #####:   77:            if (tree->text[active_edge->start + tree->active_length] == tree->text[pos]) {
    #####:   78:                tree->active_length++;
    #####:   79:                if (last_new_node != NULL) last_new_node->suffix_link = tree->active_node;
    #####:   80:                break;
        -:   81:            }
        -:   82:
    #####:   83:            int* split_end = (int*)malloc(sizeof(int));
    #####:   84:            *split_end = active_edge->start + tree->active_length - 1;
    #####:   85:            Node* new_node = create_node();
    #####:   86:            Edge* new_edge = create_edge(pos, tree->global_end, create_node());
        -:   87:
    #####:   88:            new_node->edges[(unsigned char)tree->text[pos]] = new_edge;
    #####:   89:            active_edge->child->suffix_link = tree->root;
    #####:   90:            new_node->edges[(unsigned char)tree->text[*split_end + 1]] = create_edge(*split_end + 1, active_edge->end, active_edge->child);
        -:   91:            
    #####:   92:            active_edge->end = split_end;
    #####:   93:            active_edge->child = new_node;
        -:   94:
    #####:   95:            if (last_new_node != NULL) last_new_node->suffix_link = new_node;
    #####:   96:            last_new_node = new_node;
        -:   97:        }
        -:   98:
    #####:   99:        tree->remaining--;
    #####:  100:        if (tree->active_node == tree->root && tree->active_length > 0) {
    #####:  101:            tree->active_length--;
    #####:  102:            tree->active_edge_idx = pos - tree->remaining + 1;
    #####:  103:        } else if (tree->active_node != tree->root) {
    #####:  104:            tree->active_node = tree->active_node->suffix_link;
        -:  105:        }
        -:  106:    }
    #####:  107:}
        -:  108:
        -:  109:// API Pública
    #####:  110:SuffixTree* st_create(const char* text, size_t len) {
    #####:  111:    SuffixTree* tree = (SuffixTree*)malloc(sizeof(SuffixTree));
    #####:  112:    tree->text = text;
    #####:  113:    tree->text_len = len;
    #####:  114:    tree->root = create_node();
    #####:  115:    tree->root->suffix_link = tree->root;
    #####:  116:    tree->global_end = (int*)malloc(sizeof(int));
    #####:  117:    *tree->global_end = -1;
    #####:  118:    tree->active_node = tree->root;
    #####:  119:    tree->active_length = 0;
    #####:  120:    tree->active_edge_idx = -1;
    #####:  121:    tree->remaining = 0;
        -:  122:
    #####:  123:    for (size_t i = 0; i < len; i++) {
    #####:  124:        (*tree->global_end)++;
    #####:  125:        extend(tree, i);
        -:  126:    }
    #####:  127:    return tree;
        -:  128:}
        -:  129:
    #####:  130:int st_find_longest_match(SuffixTree* tree, const char* query, size_t query_len) {
    #####:  131:    Node* current_node = tree->root;
    #####:  132:    int match_len = 0;
    #####:  133:    for (size_t i = 0; i < query_len; ) {
    #####:  134:        Edge* edge = current_node->edges[(unsigned char)query[i]];
    #####:  135:        if (edge == NULL) break;
        -:  136:
    #####:  137:        int edge_len = edge_length(edge, tree->text_len - 1);
    #####:  138:        for (int j = 0; j < edge_len && i < query_len; j++, i++, match_len++) {
    #####:  139:            if (query[i] != tree->text[edge->start + j]) {
    #####:  140:                return match_len;
        -:  141:            }
        -:  142:        }
    #####:  143:        current_node = edge->child;
        -:  144:    }
    #####:  145:    return match_len;
        -:  146:}
        -:  147:
    #####:  148:void free_edges(Node* node) {
    #####:  149:    if (!node) return;
    #####:  150:    for (int i = 0; i < 256; i++) {
    #####:  151:        if (node->edges[i]) {
    #####:  152:            free_edges(node->edges[i]->child);
        -:  153:            // A linha abaixo estava causando double free e foi removida.
        -:  154:            // if (*(node->edges[i]->end) != -1) free(node->edges[i]->end);
    #####:  155:            free(node->edges[i]);
        -:  156:        }
        -:  157:    }
    #####:  158:    free(node);
        -:  159:}
        -:  160:
    #####:  161:void st_free(SuffixTree* tree) {
    #####:  162:    if (!tree) return;
    #####:  163:    free_edges(tree->root);
    #####:  164:    free(tree->global_end);
    #####:  165:    free(tree);
        -:  166:}
